2024-10-28 03:14:28.829 | INFO     | download_videos:download_main:195 - loading aweme json data: data/沫沫宝不可爱_46718315270/aweme.json
2024-10-28 03:14:28.886 | INFO     | download_videos:download_main:217 - 视频id:7414438889361771826, 点赞数: 8167, nickname: 沫沫宝不可爱
2024-10-28 03:14:28.890 | INFO     | download_videos:download_cover:316 - added cover_url download task: https://p9-pc-sign.douyinpic.com/obj/tos-cn-p-0015/oMLGOcZNyALZBfZCI2Dsf7YCEjleQ9cNBSQAIG?x-expires=2045415600&x-signature=2Md%2BAu7UpSWmuvSHb6healQKAfg%3D&from=327834062&s=PackSourceEnum_PUBLISH&se=false&sc=cover&biz_tag=pcweb_cover&l=202410280314203A6CF2327F742F9A6F68
2024-10-28 03:14:28.890 | INFO     | download_videos:download_video:365 - added play_addr_url download task: https://www.douyin.com/aweme/v1/play/?video_id=v0200fg10000crim1j7og65ti86scvk0&line=0&file_id=a79b28ad813e40ee87e6e4ce6c5eba6b&sign=ef71fe7fde70da152f2fde25e5debf9b&is_play_url=1&source=PackSourceEnum_PUBLISH
2024-10-28 03:14:28.892 | INFO     | download_videos:download_music:414 - added music_uri download task: https://sf5-hl-cdn-tos.douyinstatic.com/obj/tos-cn-ve-2774/owWIfja2QDZagmmC0bfGeDwz9lFLgM4AEzSNYc
2024-10-28 03:14:28.893 | INFO     | download_videos:download_main:245 - download_num_count: 1
2024-10-28 03:14:28.893 | INFO     | download_videos:download_main:217 - 视频id:7405148835401485595, 点赞数: 13799, nickname: 沫沫宝不可爱
2024-10-28 03:14:28.896 | INFO     | download_videos:download_cover:316 - added cover_url download task: https://p3-pc-sign.douyinpic.com/obj/tos-cn-i-0813/oQAeko7f7NERDEBvEHDEZeFLA64iAAqEigXAIB?x-expires=2045415600&x-signature=%2BD6X93Krlp5ZuQeHhOtJQH5zAh8%3D&from=327834062&s=PackSourceEnum_PUBLISH&se=false&sc=cover&biz_tag=pcweb_cover&l=202410280314203A6CF2327F742F9A6F68
2024-10-28 03:14:28.897 | INFO     | download_videos:download_video:365 - added play_addr_url download task: https://www.douyin.com/aweme/v1/play/?video_id=v0200fg10000cr25v6vog65l2crla2i0&line=0&file_id=aea3f5b47f4e453aa63074a7590771d7&sign=ac9a5bc205bef276b751008a7e3042bd&is_play_url=1&source=PackSourceEnum_PUBLISH
2024-10-28 03:14:28.899 | INFO     | download_videos:download_music:414 - added music_uri download task: https://sf3-cdn-tos.douyinstatic.com/obj/ies-music/7389977655745039154.mp3
2024-10-28 03:14:28.899 | INFO     | download_videos:download_main:245 - download_num_count: 2
2024-10-28 03:14:28.900 | INFO     | download_videos:download_main:217 - 视频id:7430402834207689993, 点赞数: 1523, nickname: 沫沫宝不可爱
2024-10-28 03:14:28.903 | INFO     | download_videos:download_cover:316 - added cover_url download task: https://p9-pc-sign.douyinpic.com/obj/tos-cn-i-0813/oQIeQAAA9GaHAIDnvFA3fIV6UgoASEAgCEhBCU?x-expires=2045415600&x-signature=V%2FYrZkyPhUpnp2U5yBtGcNJ%2B9yk%3D&from=327834062&s=PackSourceEnum_PUBLISH&se=false&sc=cover&biz_tag=pcweb_cover&l=202410280314203A6CF2327F742F9A6F68
2024-10-28 03:14:28.906 | INFO     | download_videos:download_video:365 - added play_addr_url download task: https://www.douyin.com/aweme/v1/play/?video_id=v0200fg10000csf1g1fog65hooqs8p60&line=0&file_id=2bc068aa53534f69b0cbc87534c43f58&sign=e435d6fd01c4687be1ce7e51e593f2b4&is_play_url=1&source=PackSourceEnum_PUBLISH
2024-10-28 03:14:28.908 | INFO     | download_videos:download_music:414 - added music_uri download task: https://sf3-sign.douyinstatic.com/tos-cn-v-0000c2242/ocBQOMfJAkJ0ziAG346ABkhBihEghENQEiAAlo?lk3s=08d74b56&x-expires=1730078060&x-signature=a5CXg%2BdaK%2FbnExdLl0I9jLN9QhI%3D
2024-10-28 03:14:28.909 | INFO     | download_videos:download_main:245 - download_num_count: 3
2024-10-28 03:14:28.910 | INFO     | download_videos:download_main:217 - 视频id:7430022590053272858, 点赞数: 1240, nickname: 沫沫宝不可爱
2024-10-28 03:14:28.913 | INFO     | download_videos:download_cover:316 - added cover_url download task: https://p9-pc-sign.douyinpic.com/obj/tos-cn-i-0813c001/o4AECIvBgA8bABwWeifdlzBCuAj4oiAFjAPdAc?x-expires=2045415600&x-signature=BRQYQlya3g5U3wqCOb0SytES%2F%2B4%3D&from=327834062&s=PackSourceEnum_PUBLISH&se=false&sc=cover&biz_tag=pcweb_cover&l=202410280314203A6CF2327F742F9A6F68
2024-10-28 03:14:28.914 | INFO     | download_videos:download_video:365 - added play_addr_url download task: https://www.douyin.com/aweme/v1/play/?video_id=v0200fg10000csebs5fog65kbmtv0qe0&line=0&file_id=bf43007fb52c48b48c4ed9e6953a8b2b&sign=605bf00cdf68020e049e5f9a14d9fc7d&is_play_url=1&source=PackSourceEnum_PUBLISH
2024-10-28 03:14:28.915 | INFO     | download_videos:download_music:414 - added music_uri download task: https://sf3-cdn-tos.douyinstatic.com/obj/ies-music/7430022645682375450.mp3
2024-10-28 03:14:28.916 | INFO     | download_videos:download_main:245 - download_num_count: 4
2024-10-28 03:14:28.917 | INFO     | download_videos:download_main:217 - 视频id:7429654578896833818, 点赞数: 1962, nickname: 沫沫宝不可爱
2024-10-28 03:14:28.919 | INFO     | download_videos:download_cover:316 - added cover_url download task: https://p9-pc-sign.douyinpic.com/obj/tos-cn-i-0813c001/oEQ7eEOAteoppF22DBI2INFAcAAEpAf9E3BARw?x-expires=2045415600&x-signature=fPOpSSt2abFYH3silGCxN7b0UdE%3D&from=327834062&s=PackSourceEnum_PUBLISH&se=false&sc=cover&biz_tag=pcweb_cover&l=202410280314203A6CF2327F742F9A6F68
2024-10-28 03:14:28.920 | INFO     | download_videos:download_video:365 - added play_addr_url download task: https://www.douyin.com/aweme/v1/play/?video_id=v0200fg10000csdmu4nog65u62roc13g&line=0&file_id=593ee48b54244a1db4af0ea73eb186b4&sign=1422f51bd4d3dec50b9cb7f9b8b364fc&is_play_url=1&source=PackSourceEnum_PUBLISH
2024-10-28 03:14:28.921 | INFO     | download_videos:download_music:414 - added music_uri download task: https://sf3-cdn-tos.douyinstatic.com/obj/ies-music/7313878573478169382.mp3
2024-10-28 03:14:28.921 | INFO     | download_videos:download_main:245 - download_num_count: 5
2024-10-28 03:14:28.921 | INFO     | download_videos:download_main:217 - 视频id:7429292267573218586, 点赞数: 2840, nickname: 沫沫宝不可爱
2024-10-28 03:14:28.923 | INFO     | download_videos:download_cover:316 - added cover_url download task: https://p9-pc-sign.douyinpic.com/obj/tos-cn-i-0813c001/oUnAI0HAADE0ogAAwSOCfFf8XACb9QqB9iGhQA?x-expires=2045415600&x-signature=EHONKs7zA363fThrfGd60XfXKzc%3D&from=327834062&s=PackSourceEnum_PUBLISH&se=false&sc=cover&biz_tag=pcweb_cover&l=202410280314203A6CF2327F742F9A6F68
2024-10-28 03:14:28.924 | INFO     | download_videos:download_video:365 - added play_addr_url download task: https://www.douyin.com/aweme/v1/play/?video_id=v0200fg10000csd2bj7og65okia8uf9g&line=0&file_id=dc848dd2150641f6af0deca1487385ba&sign=d163fa52fa6f1d02e605cc1fc211d036&is_play_url=1&source=PackSourceEnum_PUBLISH
2024-10-28 03:14:28.926 | INFO     | download_videos:download_music:414 - added music_uri download task: https://sf5-hl-cdn-tos.douyinstatic.com/obj/ies-music/7429292307100224307.mp3
2024-10-28 03:14:28.927 | INFO     | download_videos:download_main:245 - download_num_count: 6
2024-10-28 03:14:28.927 | INFO     | download_videos:download_main:217 - 视频id:7428912070432738598, 点赞数: 854, nickname: 沫沫宝不可爱
2024-10-28 03:14:28.929 | INFO     | download_videos:download_cover:316 - added cover_url download task: https://p9-pc-sign.douyinpic.com/obj/tos-cn-i-0813/oAwGDf65AEpCQHm48AngFCcxI19MAATcAANAbf?x-expires=2045415600&x-signature=KrM9g4b9irf0eHhg2xC2AsazCrs%3D&from=327834062&s=PackSourceEnum_PUBLISH&se=false&sc=cover&biz_tag=pcweb_cover&l=202410280314203A6CF2327F742F9A6F68
2024-10-28 03:14:28.930 | INFO     | download_videos:download_video:365 - added play_addr_url download task: https://www.douyin.com/aweme/v1/play/?video_id=v0200fg10000csccobnog65s0a30pk00&line=0&file_id=13c5492e39c94a54bdbd5fb9b721e727&sign=264ffea7b6b416ba293d6558742f6e57&is_play_url=1&source=PackSourceEnum_PUBLISH
2024-10-28 03:14:28.931 | INFO     | download_videos:download_music:414 - added music_uri download task: https://sf3-cdn-tos.douyinstatic.com/obj/ies-music/7416331193961958171.mp3
2024-10-28 03:14:28.932 | INFO     | download_videos:download_main:245 - download_num_count: 7
2024-10-28 03:14:28.933 | INFO     | download_videos:download_main:217 - 视频id:7427426662419090715, 点赞数: 7220, nickname: 沫沫宝不可爱
2024-10-28 03:14:28.936 | INFO     | download_videos:download_cover:316 - added cover_url download task: https://p9-pc-sign.douyinpic.com/obj/tos-cn-i-0813/oQCzlgKsAAA2AerCgEijihCBcfLYUTciAACATI?x-expires=2045415600&x-signature=Ss3OImDyQqEpOJH77DfLSohmork%3D&from=327834062&s=PackSourceEnum_PUBLISH&se=false&sc=cover&biz_tag=pcweb_cover&l=202410280314203A6CF2327F742F9A6F68
2024-10-28 03:14:28.937 | INFO     | download_videos:download_video:365 - added play_addr_url download task: https://www.douyin.com/aweme/v1/play/?video_id=v0200fg10000cs9oa9nog65ug1cve3q0&line=0&file_id=c79ff68d6883429492806d11b92970cb&sign=013b635437f623a86b18434cc87bb196&is_play_url=1&source=PackSourceEnum_PUBLISH
2024-10-28 03:14:28.938 | INFO     | download_videos:download_music:414 - added music_uri download task: https://sf3-cdn-tos.douyinstatic.com/obj/ies-music/7382913884006402867.mp3
2024-10-28 03:14:28.939 | INFO     | download_videos:download_main:245 - download_num_count: 8
2024-10-28 03:14:28.940 | INFO     | download_videos:download_main:217 - 视频id:7425203703696674099, 点赞数: 2435, nickname: 沫沫宝不可爱
2024-10-28 03:14:28.943 | INFO     | download_videos:download_cover:316 - added cover_url download task: https://p9-pc-sign.douyinpic.com/obj/tos-cn-i-0813c001/o0CCC6rAA5kBtCx5AAA93ef9A5AiLningElIN0?x-expires=2045415600&x-signature=bwkPGkKKty5DVDj4RAWwMmmMgEw%3D&from=327834062&s=PackSourceEnum_PUBLISH&se=false&sc=cover&biz_tag=pcweb_cover&l=202410280314203A6CF2327F742F9A6F68
2024-10-28 03:14:28.943 | INFO     | download_videos:download_video:365 - added play_addr_url download task: https://www.douyin.com/aweme/v1/play/?video_id=v0200fg10000cs5pumvog65svpadb9j0&line=0&file_id=e654fcfe8b9f46d492930720304e7b1e&sign=d1d9c4a5661860ee7b63606726e044d0&is_play_url=1&source=PackSourceEnum_PUBLISH
2024-10-28 03:14:28.944 | INFO     | download_videos:download_music:414 - added music_uri download task: https://sf3-cdn-tos.douyinstatic.com/obj/ies-music/7425203765759757065.mp3
2024-10-28 03:14:28.946 | INFO     | download_videos:download_main:245 - download_num_count: 9
2024-10-28 03:14:28.947 | INFO     | download_videos:download_main:217 - 视频id:7424850970988825907, 点赞数: 3510, nickname: 沫沫宝不可爱
2024-10-28 03:14:28.950 | INFO     | download_videos:download_cover:316 - added cover_url download task: https://p9-pc-sign.douyinpic.com/obj/tos-cn-i-0813c001/oQEj7AMvFAL81AdeUyfKE1NQAifWIBOtBQAAUg?x-expires=2045415600&x-signature=jbKxBHGPBre%2FCTt1P%2BJEfopwjt4%3D&from=327834062&s=PackSourceEnum_PUBLISH&se=false&sc=cover&biz_tag=pcweb_cover&l=202410280314203A6CF2327F742F9A6F68
2024-10-28 03:14:28.952 | INFO     | download_videos:download_video:365 - added play_addr_url download task: https://www.douyin.com/aweme/v1/play/?video_id=v0200fg10000cs55t3nog65o5gc390qg&line=0&file_id=f76e938573474649802439da30b8439b&sign=ae453e371544ad9627c349ce471d9615&is_play_url=1&source=PackSourceEnum_PUBLISH
2024-10-28 03:14:28.954 | INFO     | download_videos:download_music:414 - added music_uri download task: https://sf5-hl-cdn-tos.douyinstatic.com/obj/ies-music/7416290077564848932.mp3
2024-10-28 03:14:28.956 | INFO     | download_videos:download_main:245 - download_num_count: 10
2024-10-28 03:14:28.957 | SUCCESS  | download_videos:download_main:247 - download_num_count: 10 == 10
2024-10-28 03:14:29.318 | SUCCESS  | download_videos:download_file_async:155 - Downloaded cover.jpg to data/沫沫宝不可爱_46718315270/让你好朋友穿给你看#反差 #变装 #甜弟-7414438889361771826-8167/cover
2024-10-28 03:14:29.348 | ERROR    | download_videos:download_file_async:129 - File size too small, is this the correct file? https://sf3-sign.douyinstatic.com/tos-cn-v-0000c2242/ocBQOMfJAkJ0ziAG346ABkhBihEghENQEiAAlo?lk3s=08d74b56&x-expires=1730078060&x-signature=a5CXg%2BdaK%2FbnExdLl0I9jLN9QhI%3D 238
2024-10-28 03:14:29.402 | ERROR    | download_videos:download_file_async:129 - File size too small, is this the correct file? https://www.douyin.com/aweme/v1/play/?video_id=v0200fg10000cs55t3nog65o5gc390qg&line=0&file_id=f76e938573474649802439da30b8439b&sign=ae453e371544ad9627c349ce471d9615&is_play_url=1&source=PackSourceEnum_PUBLISH 0
2024-10-28 03:14:29.405 | ERROR    | download_videos:download_file_async:129 - File size too small, is this the correct file? https://www.douyin.com/aweme/v1/play/?video_id=v0200fg10000cs9oa9nog65ug1cve3q0&line=0&file_id=c79ff68d6883429492806d11b92970cb&sign=013b635437f623a86b18434cc87bb196&is_play_url=1&source=PackSourceEnum_PUBLISH 0
2024-10-28 03:14:29.408 | ERROR    | download_videos:download_file_async:129 - File size too small, is this the correct file? https://www.douyin.com/aweme/v1/play/?video_id=v0200fg10000csd2bj7og65okia8uf9g&line=0&file_id=dc848dd2150641f6af0deca1487385ba&sign=d163fa52fa6f1d02e605cc1fc211d036&is_play_url=1&source=PackSourceEnum_PUBLISH 0
2024-10-28 03:14:29.412 | ERROR    | download_videos:download_file_async:129 - File size too small, is this the correct file? https://www.douyin.com/aweme/v1/play/?video_id=v0200fg10000csdmu4nog65u62roc13g&line=0&file_id=593ee48b54244a1db4af0ea73eb186b4&sign=1422f51bd4d3dec50b9cb7f9b8b364fc&is_play_url=1&source=PackSourceEnum_PUBLISH 0
2024-10-28 03:14:29.427 | ERROR    | download_videos:download_file_async:129 - File size too small, is this the correct file? https://www.douyin.com/aweme/v1/play/?video_id=v0200fg10000csccobnog65s0a30pk00&line=0&file_id=13c5492e39c94a54bdbd5fb9b721e727&sign=264ffea7b6b416ba293d6558742f6e57&is_play_url=1&source=PackSourceEnum_PUBLISH 0
2024-10-28 03:14:29.476 | ERROR    | download_videos:download_file_async:129 - File size too small, is this the correct file? https://www.douyin.com/aweme/v1/play/?video_id=v0200fg10000cs5pumvog65svpadb9j0&line=0&file_id=e654fcfe8b9f46d492930720304e7b1e&sign=d1d9c4a5661860ee7b63606726e044d0&is_play_url=1&source=PackSourceEnum_PUBLISH 0
2024-10-28 03:14:29.499 | SUCCESS  | download_videos:download_file_async:155 - Downloaded #原神纳塔 #ooc致歉 #穿搭 #ootd穿搭 #甜弟.mp3 to data/沫沫宝不可爱_46718315270/#原神纳塔 #ooc致歉 #穿搭 #ootd穿搭 #甜弟-7429292267573218586-2840/mp3
2024-10-28 03:14:29.630 | SUCCESS  | download_videos:download_file_async:155 - Downloaded 刷抖音还不是为了这两声dj呢#ooc致歉 #ootd穿搭 #jk #甜弟.mp3 to data/沫沫宝不可爱_46718315270/刷抖音还不是为了这两声dj呢#ooc致歉 #ootd穿搭 #jk #甜弟-7424850970988825907-3510/mp3
2024-10-28 03:14:30.053 | SUCCESS  | download_videos:download_file_async:155 - Downloaded 那不是黑历史，那是我的来时路#反差 #爆改.mp3 to data/沫沫宝不可爱_46718315270/那不是黑历史，那是我的来时路#反差 #爆改-7430022590053272858-1240/mp3
2024-10-28 03:14:30.549 | ERROR    | download_videos:download_file_async:129 - File size too small, is this the correct file? https://sf3-sign.douyinstatic.com/tos-cn-v-0000c2242/ocBQOMfJAkJ0ziAG346ABkhBihEghENQEiAAlo?lk3s=08d74b56&x-expires=1730078060&x-signature=a5CXg%2BdaK%2FbnExdLl0I9jLN9QhI%3D 238
2024-10-28 03:14:31.707 | ERROR    | download_videos:download_file_async:129 - File size too small, is this the correct file? https://sf3-sign.douyinstatic.com/tos-cn-v-0000c2242/ocBQOMfJAkJ0ziAG346ABkhBihEghENQEiAAlo?lk3s=08d74b56&x-expires=1730078060&x-signature=a5CXg%2BdaK%2FbnExdLl0I9jLN9QhI%3D 238
2024-10-28 03:14:32.407 | SUCCESS  | download_videos:download_file_async:155 - Downloaded 我早就忘了 你带给我那些痛和伤#感觉至上 #转场 #ooc致歉 #氛围感 #ootd穿搭.mp4 to data/沫沫宝不可爱_46718315270/我早就忘了 你带给我那些痛和伤#感觉至上 #转场 #ooc致歉 #氛围感 #ootd穿搭-7427426662419090715-7220/video
2024-10-28 03:14:33.341 | SUCCESS  | download_videos:download_file_async:155 - Downloaded 那不是黑历史 那是我的来时路#那不是黑历史是我的来时路 #反差 #爆改 #转场.mp4 to data/沫沫宝不可爱_46718315270/那不是黑历史 那是我的来时路#那不是黑历史是我的来时路 #反差 #爆改 #转场-7430402834207689993-1523/video
2024-10-28 03:14:33.899 | SUCCESS  | download_videos:download_file_async:155 - Downloaded 刷抖音还不是为了这两声dj呢#ooc致歉 #ootd穿搭 #jk #甜弟.mp4 to data/沫沫宝不可爱_46718315270/刷抖音还不是为了这两声dj呢#ooc致歉 #ootd穿搭 #jk #甜弟-7424850970988825907-3510/video
2024-10-28 03:14:34.809 | SUCCESS  | download_videos:download_file_async:155 - Downloaded 让你好朋友穿给你看#反差 #变装 #甜弟.mp4 to data/沫沫宝不可爱_46718315270/让你好朋友穿给你看#反差 #变装 #甜弟-7414438889361771826-8167/video
2024-10-28 03:14:35.006 | ERROR    | download_videos:download_file_async:129 - File size too small, is this the correct file? https://sf3-sign.douyinstatic.com/tos-cn-v-0000c2242/ocBQOMfJAkJ0ziAG346ABkhBihEghENQEiAAlo?lk3s=08d74b56&x-expires=1730078060&x-signature=a5CXg%2BdaK%2FbnExdLl0I9jLN9QhI%3D 238
2024-10-28 03:14:35.125 | SUCCESS  | download_videos:download_file_async:155 - Downloaded 行走在冬天的冷风中#原神 #行走在冬夜的冷风中 #ooc致歉 #感觉至上 #ootd穿搭.mp4 to data/沫沫宝不可爱_46718315270/行走在冬天的冷风中#原神 #行走在冬夜的冷风中 #ooc致歉 #感觉至上 #ootd穿搭-7429654578896833818-1962/video
2024-10-28 03:14:35.941 | SUCCESS  | download_videos:download_file_async:155 - Downloaded #原神纳塔 #ooc致歉 #穿搭 #ootd穿搭 #甜弟.mp4 to data/沫沫宝不可爱_46718315270/#原神纳塔 #ooc致歉 #穿搭 #ootd穿搭 #甜弟-7429292267573218586-2840/video
2024-10-28 03:14:37.001 | SUCCESS  | download_videos:download_file_async:155 - Downloaded 想看可以艾特你朋友穿#甜妹 #lolita #穿搭.mp4 to data/沫沫宝不可爱_46718315270/想看可以艾特你朋友穿#甜妹 #lolita #穿搭-7405148835401485595-1.4W/video
2024-10-28 03:14:37.834 | SUCCESS  | download_videos:download_file_async:155 - Downloaded 那不是黑历史，那是我的来时路#反差 #爆改.mp4 to data/沫沫宝不可爱_46718315270/那不是黑历史，那是我的来时路#反差 #爆改-7430022590053272858-1240/video
2024-10-28 03:14:38.585 | SUCCESS  | download_videos:download_file_async:155 - Downloaded #抽象的孩子没人爱反差转场 #反差 #转场.mp4 to data/沫沫宝不可爱_46718315270/#抽象的孩子没人爱反差转场 #反差 #转场-7428912070432738598-854/video
2024-10-28 03:14:39.227 | ERROR    | download_videos:download_file_async:129 - File size too small, is this the correct file? https://sf3-sign.douyinstatic.com/tos-cn-v-0000c2242/ocBQOMfJAkJ0ziAG346ABkhBihEghENQEiAAlo?lk3s=08d74b56&x-expires=1730078060&x-signature=a5CXg%2BdaK%2FbnExdLl0I9jLN9QhI%3D 238
2024-10-28 03:14:43.395 | ERROR    | download_videos:download_file_async:129 - File size too small, is this the correct file? https://sf3-sign.douyinstatic.com/tos-cn-v-0000c2242/ocBQOMfJAkJ0ziAG346ABkhBihEghENQEiAAlo?lk3s=08d74b56&x-expires=1730078060&x-signature=a5CXg%2BdaK%2FbnExdLl0I9jLN9QhI%3D 238
2024-10-28 03:14:45.551 | ERROR    | download_videos:download_file_async:129 - File size too small, is this the correct file? https://sf3-sign.douyinstatic.com/tos-cn-v-0000c2242/ocBQOMfJAkJ0ziAG346ABkhBihEghENQEiAAlo?lk3s=08d74b56&x-expires=1730078060&x-signature=a5CXg%2BdaK%2FbnExdLl0I9jLN9QhI%3D 238
2024-10-28 03:14:50.754 | ERROR    | download_videos:download_file_async:129 - File size too small, is this the correct file? https://sf3-sign.douyinstatic.com/tos-cn-v-0000c2242/ocBQOMfJAkJ0ziAG346ABkhBihEghENQEiAAlo?lk3s=08d74b56&x-expires=1730078060&x-signature=a5CXg%2BdaK%2FbnExdLl0I9jLN9QhI%3D 238
2024-10-28 03:14:52.903 | ERROR    | download_videos:download_file_async:129 - File size too small, is this the correct file? https://sf3-sign.douyinstatic.com/tos-cn-v-0000c2242/ocBQOMfJAkJ0ziAG346ABkhBihEghENQEiAAlo?lk3s=08d74b56&x-expires=1730078060&x-signature=a5CXg%2BdaK%2FbnExdLl0I9jLN9QhI%3D 238
2024-10-28 03:14:54.079 | SUCCESS  | download_videos:download_file_async:155 - Downloaded jk这辈子要保护的三样东西#jk #ooc致歉 #ootd穿搭 #甜弟.mp4 to data/沫沫宝不可爱_46718315270/jk这辈子要保护的三样东西#jk #ooc致歉 #ootd穿搭 #甜弟-7425203703696674099-2435/video
2024-10-28 03:14:56.124 | ERROR    | download_videos:download_file_async:129 - File size too small, is this the correct file? https://sf3-sign.douyinstatic.com/tos-cn-v-0000c2242/ocBQOMfJAkJ0ziAG346ABkhBihEghENQEiAAlo?lk3s=08d74b56&x-expires=1730078060&x-signature=a5CXg%2BdaK%2FbnExdLl0I9jLN9QhI%3D 238
2024-10-28 03:14:59.310 | ERROR    | download_videos:download_file_async:129 - File size too small, is this the correct file? https://sf3-sign.douyinstatic.com/tos-cn-v-0000c2242/ocBQOMfJAkJ0ziAG346ABkhBihEghENQEiAAlo?lk3s=08d74b56&x-expires=1730078060&x-signature=a5CXg%2BdaK%2FbnExdLl0I9jLN9QhI%3D 238
2024-10-28 03:15:01.441 | ERROR    | download_videos:download_file_async:129 - File size too small, is this the correct file? https://sf3-sign.douyinstatic.com/tos-cn-v-0000c2242/ocBQOMfJAkJ0ziAG346ABkhBihEghENQEiAAlo?lk3s=08d74b56&x-expires=1730078060&x-signature=a5CXg%2BdaK%2FbnExdLl0I9jLN9QhI%3D 238
2024-10-28 03:15:03.582 | ERROR    | download_videos:download_file_async:129 - File size too small, is this the correct file? https://sf3-sign.douyinstatic.com/tos-cn-v-0000c2242/ocBQOMfJAkJ0ziAG346ABkhBihEghENQEiAAlo?lk3s=08d74b56&x-expires=1730078060&x-signature=a5CXg%2BdaK%2FbnExdLl0I9jLN9QhI%3D 238
2024-10-28 03:15:06.725 | ERROR    | download_videos:download_file_async:129 - File size too small, is this the correct file? https://sf3-sign.douyinstatic.com/tos-cn-v-0000c2242/ocBQOMfJAkJ0ziAG346ABkhBihEghENQEiAAlo?lk3s=08d74b56&x-expires=1730078060&x-signature=a5CXg%2BdaK%2FbnExdLl0I9jLN9QhI%3D 238
2024-10-28 03:15:10.872 | ERROR    | download_videos:download_file_async:129 - File size too small, is this the correct file? https://sf3-sign.douyinstatic.com/tos-cn-v-0000c2242/ocBQOMfJAkJ0ziAG346ABkhBihEghENQEiAAlo?lk3s=08d74b56&x-expires=1730078060&x-signature=a5CXg%2BdaK%2FbnExdLl0I9jLN9QhI%3D 238
2024-10-28 03:15:12.068 | ERROR    | download_videos:download_file_async:129 - File size too small, is this the correct file? https://sf3-sign.douyinstatic.com/tos-cn-v-0000c2242/ocBQOMfJAkJ0ziAG346ABkhBihEghENQEiAAlo?lk3s=08d74b56&x-expires=1730078060&x-signature=a5CXg%2BdaK%2FbnExdLl0I9jLN9QhI%3D 238
2024-10-28 03:15:16.273 | ERROR    | download_videos:download_file_async:129 - File size too small, is this the correct file? https://sf3-sign.douyinstatic.com/tos-cn-v-0000c2242/ocBQOMfJAkJ0ziAG346ABkhBihEghENQEiAAlo?lk3s=08d74b56&x-expires=1730078060&x-signature=a5CXg%2BdaK%2FbnExdLl0I9jLN9QhI%3D 238
2024-10-28 03:15:20.427 | ERROR    | download_videos:download_file_async:129 - File size too small, is this the correct file? https://sf3-sign.douyinstatic.com/tos-cn-v-0000c2242/ocBQOMfJAkJ0ziAG346ABkhBihEghENQEiAAlo?lk3s=08d74b56&x-expires=1730078060&x-signature=a5CXg%2BdaK%2FbnExdLl0I9jLN9QhI%3D 238
2024-10-28 03:15:24.626 | ERROR    | download_videos:download_file_async:129 - File size too small, is this the correct file? https://sf3-sign.douyinstatic.com/tos-cn-v-0000c2242/ocBQOMfJAkJ0ziAG346ABkhBihEghENQEiAAlo?lk3s=08d74b56&x-expires=1730078060&x-signature=a5CXg%2BdaK%2FbnExdLl0I9jLN9QhI%3D 238
2024-10-28 03:15:26.772 | ERROR    | download_videos:download_file_async:129 - File size too small, is this the correct file? https://sf3-sign.douyinstatic.com/tos-cn-v-0000c2242/ocBQOMfJAkJ0ziAG346ABkhBihEghENQEiAAlo?lk3s=08d74b56&x-expires=1730078060&x-signature=a5CXg%2BdaK%2FbnExdLl0I9jLN9QhI%3D 238
2024-10-28 03:15:27.786 | ERROR    | asyncio.events:_run:88 - An error has been caught in function '_run', process 'MainProcess' (175096), thread 'MainThread' (191400):
Traceback (most recent call last):

  File "d:\python_codes\PyMe\gomoku_with_ai\test\main.py", line 30, in <module>
    asyncio.run(
    │       └ <function run at 0x0000025E13C8DD00>
    └ <module 'asyncio' from 'C:\\Python312\\Lib\\asyncio\\__init__.py'>

  File "C:\Python312\Lib\asyncio\runners.py", line 194, in run
    return runner.run(main)
           │      │   └ <coroutine object download_main at 0x0000025E1576DE40>
           │      └ <function Runner.run at 0x0000025E13D153A0>
           └ <asyncio.runners.Runner object at 0x0000025E13B131A0>
  File "C:\Python312\Lib\asyncio\runners.py", line 118, in run
    return self._loop.run_until_complete(task)
           │    │     │                  └ <Task pending name='Task-1412' coro=<download_main() running at C:\Python312\Lib\site-packages\loguru\_logger.py:1262> cb=[_r...
           │    │     └ <function BaseEventLoop.run_until_complete at 0x0000025E13D0AFC0>
           │    └ <ProactorEventLoop running=True closed=False debug=False>
           └ <asyncio.runners.Runner object at 0x0000025E13B131A0>
  File "C:\Python312\Lib\asyncio\base_events.py", line 674, in run_until_complete
    self.run_forever()
    │    └ <function ProactorEventLoop.run_forever at 0x0000025E13D73EC0>
    └ <ProactorEventLoop running=True closed=False debug=False>
  File "C:\Python312\Lib\asyncio\windows_events.py", line 322, in run_forever
    super().run_forever()
  File "C:\Python312\Lib\asyncio\base_events.py", line 641, in run_forever
    self._run_once()
    │    └ <function BaseEventLoop._run_once at 0x0000025E13D14D60>
    └ <ProactorEventLoop running=True closed=False debug=False>
  File "C:\Python312\Lib\asyncio\base_events.py", line 1987, in _run_once
    handle._run()
    │      └ <function Handle._run at 0x0000025E13C79260>
    └ <Handle Task.task_wakeup(<_GatheringFu...9QhI%3D 238')>)>
> File "C:\Python312\Lib\asyncio\events.py", line 88, in _run
    self._context.run(self._callback, *self._args)
    │    │            │    │           │    └ <member '_args' of 'Handle' objects>
    │    │            │    │           └ <Handle Task.task_wakeup(<_GatheringFu...9QhI%3D 238')>)>
    │    │            │    └ <member '_callback' of 'Handle' objects>
    │    │            └ <Handle Task.task_wakeup(<_GatheringFu...9QhI%3D 238')>)>
    │    └ <member '_context' of 'Handle' objects>
    └ <Handle Task.task_wakeup(<_GatheringFu...9QhI%3D 238')>)>

  File "d:\python_codes\PyMe\gomoku_with_ai\test\download_videos.py", line 253, in download_main
    await asyncio.gather(*tasks)
          │       │       └ [<coroutine object download_file_async at 0x0000025E15F3D1C0>, <coroutine object download_file_async at 0x0000025E15F3D300>, ...
          │       └ <function gather at 0x0000025E13CC3B00>
          └ <module 'asyncio' from 'C:\\Python312\\Lib\\asyncio\\__init__.py'>

  File "d:\python_codes\PyMe\gomoku_with_ai\test\download_videos.py", line 75, in wrapper
    raise last_exception
          └ ValueError('File size too small, is this the correct file? https://sf3-sign.douyinstatic.com/tos-cn-v-0000c2242/ocBQOMfJAkJ0z...

  File "d:\python_codes\PyMe\gomoku_with_ai\test\download_videos.py", line 30, in wrapper
    return await func(*args, **kwargs)
                 │     │       └ {'file_save_path': WindowsPath('data/沫沫宝不可爱_46718315270/那不是黑历史 那是我的来时路#那不是黑历史是我的来时路 #反差 #爆改 #转场-7430402834207689993-1523/mp3/...
                 │     └ ('https://sf3-sign.douyinstatic.com/tos-cn-v-0000c2242/ocBQOMfJAkJ0ziAG346ABkhBihEghENQEiAAlo?lk3s=08d74b56&x-expires=1730078...
                 └ <function download_file_async at 0x0000025E143BC860>

  File "d:\python_codes\PyMe\gomoku_with_ai\test\download_videos.py", line 132, in download_file_async
    raise ValueError(

ValueError: File size too small, is this the correct file? https://sf3-sign.douyinstatic.com/tos-cn-v-0000c2242/ocBQOMfJAkJ0ziAG346ABkhBihEghENQEiAAlo?lk3s=08d74b56&x-expires=1730078060&x-signature=a5CXg%2BdaK%2FbnExdLl0I9jLN9QhI%3D 238
